[0.023s] Invoking command in '/root/nav2_ws/src/ws_livox/build/livox_ros_driver2': CMAKE_PREFIX_PATH=${CMAKE_PREFIX_PATH}:/root/nav2_ws/install/sensor_launcher:/root/nav2_ws/install/nav2_simple_commander:/root/nav2_ws/install/nav2_odom_to_tf:/opt/ros/humble /usr/bin/cmake --build /root/nav2_ws/src/ws_livox/build/livox_ros_driver2 -- -j8 -l8
[0.107s] [  1%] Built target livox_interfaces2__cpp
[0.119s] [  5%] Built target livox_ros_driver2_node
[0.120s] [ 12%] Built target livox_interfaces2__rosidl_generator_c
[0.131s] [ 12%] Built target ament_cmake_python_copy_livox_ros_driver2
[0.160s] [ 19%] Built target livox_interfaces2__rosidl_typesupport_introspection_cpp
[0.164s] [ 26%] Built target livox_interfaces2__rosidl_typesupport_cpp
[0.164s] [ 33%] Built target livox_interfaces2__rosidl_typesupport_fastrtps_cpp
[0.168s] [ 47%] Built target livox_interfaces2__rosidl_typesupport_c
[0.169s] [ 47%] Built target livox_interfaces2__rosidl_typesupport_introspection_c
[0.173s] [ 54%] Built target livox_interfaces2__rosidl_typesupport_fastrtps_c
[0.191s] [35m[1mConsolidate compiler generated dependencies of target livox_ros_driver2[0m
[0.203s] [ 54%] Built target livox_interfaces2
[0.235s] [ 56%] Built target livox_interfaces2__py
[0.244s] [ 57%] [32mBuilding CXX object CMakeFiles/livox_ros_driver2.dir/src/lddc.cpp.o[0m
[0.268s] [ 63%] Built target livox_interfaces2__rosidl_generator_py
[0.310s] [ 66%] Built target livox_ros_driver2__rosidl_typesupport_introspection_c__pyext
[0.310s] [ 70%] Built target livox_ros_driver2__rosidl_typesupport_c__pyext
[0.316s] [ 73%] Built target livox_ros_driver2__rosidl_typesupport_fastrtps_c__pyext
[0.369s] running egg_info
[0.369s] writing livox_ros_driver2.egg-info/PKG-INFO
[0.370s] writing dependency_links to livox_ros_driver2.egg-info/dependency_links.txt
[0.370s] writing top-level names to livox_ros_driver2.egg-info/top_level.txt
[0.372s] reading manifest file 'livox_ros_driver2.egg-info/SOURCES.txt'
[0.372s] writing manifest file 'livox_ros_driver2.egg-info/SOURCES.txt'
[0.399s] [ 73%] Built target ament_cmake_python_build_livox_ros_driver2_egg
[4.428s] [01m[K/root/nav2_ws/src/ws_livox/src/livox_ros_driver2/src/lddc.cpp:[m[K In member function â€˜[01m[Kstd::shared_ptr<rclcpp::PublisherBase> livox_ros::Lddc::CreatePublisher(uint8_t, std::string&, uint32_t)[m[Kâ€™:
[4.428s] [01m[K/root/nav2_ws/src/ws_livox/src/livox_ros_driver2/src/lddc.cpp:536:65:[m[K [01;31m[Kerror: [m[Kâ€˜[01m[Kqos_profile[m[Kâ€™ was not declared in this scope
[4.429s]   536 |       return cur_node_->create_publisher<CustomMsg>(topic_name, [01;31m[Kqos_profile[m[K);
[4.429s]       |                                                                 [01;31m[K^~~~~~~~~~~[m[K
[5.444s] gmake[2]: *** [CMakeFiles/livox_ros_driver2.dir/build.make:90: CMakeFiles/livox_ros_driver2.dir/src/lddc.cpp.o] Error 1
[5.444s] gmake[1]: *** [CMakeFiles/Makefile2:595: CMakeFiles/livox_ros_driver2.dir/all] Error 2
[5.444s] gmake: *** [Makefile:146: all] Error 2
[5.447s] Invoked command in '/root/nav2_ws/src/ws_livox/build/livox_ros_driver2' returned '2': CMAKE_PREFIX_PATH=${CMAKE_PREFIX_PATH}:/root/nav2_ws/install/sensor_launcher:/root/nav2_ws/install/nav2_simple_commander:/root/nav2_ws/install/nav2_odom_to_tf:/opt/ros/humble /usr/bin/cmake --build /root/nav2_ws/src/ws_livox/build/livox_ros_driver2 -- -j8 -l8
